21:33:53  |  Platform  |  Info  |  * Initialise: RenderManager  |  /Volumes/Macintosh2/OgreJS/my-gui/Platforms/Ogre/OgrePlatform/src/MyGUI_OgreRenderManager.cpp  |  43
21:33:53  |  Platform  |  Info  |  RenderManager successfully initialized  |  /Volumes/Macintosh2/OgreJS/my-gui/Platforms/Ogre/OgrePlatform/src/MyGUI_OgreRenderManager.cpp  |  71
21:33:53  |  Platform  |  Info  |  * Initialise: DataManager  |  /Volumes/Macintosh2/OgreJS/my-gui/Platforms/Ogre/OgrePlatform/src/MyGUI_OgreDataManager.cpp  |  27
21:33:53  |  Platform  |  Info  |  DataManager successfully initialized  |  /Volumes/Macintosh2/OgreJS/my-gui/Platforms/Ogre/OgrePlatform/src/MyGUI_OgreDataManager.cpp  |  35
21:33:53  |  Core  |  Info  |  * Initialise: Gui  |  /Volumes/Macintosh2/OgreJS/my-gui/MyGUIEngine/src/MyGUI_Gui.cpp  |  75
21:33:53  |  Core  |  Info  |  * MyGUI version 3.2.0.4305  |  /Volumes/Macintosh2/OgreJS/my-gui/MyGUIEngine/src/MyGUI_Gui.cpp  |  82
21:33:53  |  Core  |  Info  |  * Initialise: ResourceManager  |  /Volumes/Macintosh2/OgreJS/my-gui/MyGUIEngine/src/MyGUI_ResourceManager.cpp  |  48
21:33:53  |  Core  |  Info  |  ResourceManager successfully initialized  |  /Volumes/Macintosh2/OgreJS/my-gui/MyGUIEngine/src/MyGUI_ResourceManager.cpp  |  56
21:33:53  |  Core  |  Info  |  * Initialise: LayerManager  |  /Volumes/Macintosh2/OgreJS/my-gui/MyGUIEngine/src/MyGUI_LayerManager.cpp  |  49
21:33:53  |  Core  |  Info  |  LayerManager successfully initialized  |  /Volumes/Macintosh2/OgreJS/my-gui/MyGUIEngine/src/MyGUI_LayerManager.cpp  |  57
21:33:53  |  Core  |  Info  |  * Initialise: WidgetManager  |  /Volumes/Macintosh2/OgreJS/my-gui/MyGUIEngine/src/MyGUI_WidgetManager.cpp  |  67
21:33:53  |  Core  |  Info  |  WidgetManager successfully initialized  |  /Volumes/Macintosh2/OgreJS/my-gui/MyGUIEngine/src/MyGUI_WidgetManager.cpp  |  98
21:33:53  |  Core  |  Info  |  * Initialise: InputManager  |  /Volumes/Macintosh2/OgreJS/my-gui/MyGUIEngine/src/MyGUI_InputManager.cpp  |  58
21:33:53  |  Core  |  Info  |  InputManager successfully initialized  |  /Volumes/Macintosh2/OgreJS/my-gui/MyGUIEngine/src/MyGUI_InputManager.cpp  |  78
21:33:53  |  Core  |  Info  |  * Initialise: SubWidgetManager  |  /Volumes/Macintosh2/OgreJS/my-gui/MyGUIEngine/src/MyGUI_SubWidgetManager.cpp  |  49
21:33:53  |  Core  |  Info  |  SubWidgetManager successfully initialized  |  /Volumes/Macintosh2/OgreJS/my-gui/MyGUIEngine/src/MyGUI_SubWidgetManager.cpp  |  69
21:33:53  |  Core  |  Info  |  * Initialise: SkinManager  |  /Volumes/Macintosh2/OgreJS/my-gui/MyGUIEngine/src/MyGUI_SkinManager.cpp  |  53
21:33:53  |  Core  |  Info  |  SkinManager successfully initialized  |  /Volumes/Macintosh2/OgreJS/my-gui/MyGUIEngine/src/MyGUI_SkinManager.cpp  |  61
21:33:53  |  Core  |  Info  |  * Initialise: FontManager  |  /Volumes/Macintosh2/OgreJS/my-gui/MyGUIEngine/src/MyGUI_FontManager.cpp  |  48
21:33:53  |  Core  |  Info  |  FontManager successfully initialized  |  /Volumes/Macintosh2/OgreJS/my-gui/MyGUIEngine/src/MyGUI_FontManager.cpp  |  57
21:33:53  |  Core  |  Info  |  * Initialise: ControllerManager  |  /Volumes/Macintosh2/OgreJS/my-gui/MyGUIEngine/src/MyGUI_ControllerManager.cpp  |  46
21:33:53  |  Core  |  Info  |  ControllerManager successfully initialized  |  /Volumes/Macintosh2/OgreJS/my-gui/MyGUIEngine/src/MyGUI_ControllerManager.cpp  |  56
21:33:53  |  Core  |  Info  |  * Initialise: PointerManager  |  /Volumes/Macintosh2/OgreJS/my-gui/MyGUIEngine/src/MyGUI_PointerManager.cpp  |  60
21:33:53  |  Core  |  Info  |  PointerManager successfully initialized  |  /Volumes/Macintosh2/OgreJS/my-gui/MyGUIEngine/src/MyGUI_PointerManager.cpp  |  78
21:33:53  |  Core  |  Info  |  * Initialise: ClipboardManager  |  /Volumes/Macintosh2/OgreJS/my-gui/MyGUIEngine/src/MyGUI_ClipboardManager.cpp  |  87
21:33:53  |  Core  |  Info  |  ClipboardManager successfully initialized  |  /Volumes/Macintosh2/OgreJS/my-gui/MyGUIEngine/src/MyGUI_ClipboardManager.cpp  |  101
21:33:53  |  Core  |  Info  |  * Initialise: LayoutManager  |  /Volumes/Macintosh2/OgreJS/my-gui/MyGUIEngine/src/MyGUI_LayoutManager.cpp  |  45
21:33:53  |  Core  |  Info  |  LayoutManager successfully initialized  |  /Volumes/Macintosh2/OgreJS/my-gui/MyGUIEngine/src/MyGUI_LayoutManager.cpp  |  50
21:33:53  |  Core  |  Info  |  * Initialise: DynLibManager  |  /Volumes/Macintosh2/OgreJS/my-gui/MyGUIEngine/src/MyGUI_DynLibManager.cpp  |  41
21:33:53  |  Core  |  Info  |  DynLibManager successfully initialized  |  /Volumes/Macintosh2/OgreJS/my-gui/MyGUIEngine/src/MyGUI_DynLibManager.cpp  |  45
21:33:53  |  Core  |  Info  |  * Initialise: PluginManager  |  /Volumes/Macintosh2/OgreJS/my-gui/MyGUIEngine/src/MyGUI_PluginManager.cpp  |  45
21:33:53  |  Core  |  Info  |  PluginManager successfully initialized  |  /Volumes/Macintosh2/OgreJS/my-gui/MyGUIEngine/src/MyGUI_PluginManager.cpp  |  49
21:33:53  |  Core  |  Info  |  * Initialise: LanguageManager  |  /Volumes/Macintosh2/OgreJS/my-gui/MyGUIEngine/src/MyGUI_LanguageManager.cpp  |  45
21:33:53  |  Core  |  Info  |  LanguageManager successfully initialized  |  /Volumes/Macintosh2/OgreJS/my-gui/MyGUIEngine/src/MyGUI_LanguageManager.cpp  |  49
21:33:53  |  Core  |  Info  |  * Initialise: FactoryManager  |  /Volumes/Macintosh2/OgreJS/my-gui/MyGUIEngine/src/MyGUI_FactoryManager.cpp  |  40
21:33:53  |  Core  |  Info  |  FactoryManager successfully initialized  |  /Volumes/Macintosh2/OgreJS/my-gui/MyGUIEngine/src/MyGUI_FactoryManager.cpp  |  42
21:33:53  |  Core  |  Info  |  * Initialise: ToolTipManager  |  /Volumes/Macintosh2/OgreJS/my-gui/MyGUIEngine/src/MyGUI_ToolTipManager.cpp  |  48
21:33:53  |  Core  |  Info  |  ToolTipManager successfully initialized  |  /Volumes/Macintosh2/OgreJS/my-gui/MyGUIEngine/src/MyGUI_ToolTipManager.cpp  |  60
21:33:53  |  Core  |  Info  |  Load ini file 'MyGUI_Fonts.xml'  |  /Volumes/Macintosh2/OgreJS/my-gui/MyGUIEngine/src/MyGUI_ResourceManager.cpp  |  130
21:33:53  |  Core  |  Info  |  ResourceTrueTypeFont 'DejaVuSansFont.17' using texture size 512 x 256  |  /Volumes/Macintosh2/OgreJS/my-gui/MyGUIEngine/src/MyGUI_ResourceTrueTypeFont.cpp  |  209
21:33:53  |  Core  |  Info  |  ResourceTrueTypeFont 'DejaVuSansFont.17' using real height 17 pixels  |  /Volumes/Macintosh2/OgreJS/my-gui/MyGUIEngine/src/MyGUI_ResourceTrueTypeFont.cpp  |  210
21:33:53  |  Core  |  Info  |  Load ini file 'MyGUI_Images.xml'  |  /Volumes/Macintosh2/OgreJS/my-gui/MyGUIEngine/src/MyGUI_ResourceManager.cpp  |  130
21:33:53  |  Core  |  Info  |  Load ini file 'MyGUI_CommonSkins.xml'  |  /Volumes/Macintosh2/OgreJS/my-gui/MyGUIEngine/src/MyGUI_ResourceManager.cpp  |  130
21:33:53  |  Core  |  Info  |  Load ini file 'MyGUI_BlueWhiteTheme.xml'  |  /Volumes/Macintosh2/OgreJS/my-gui/MyGUIEngine/src/MyGUI_ResourceManager.cpp  |  130
21:33:53  |  Core  |  Info  |  Load ini file 'MyGUI_BlueWhiteImages.xml'  |  /Volumes/Macintosh2/OgreJS/my-gui/MyGUIEngine/src/MyGUI_ResourceManager.cpp  |  130
21:33:53  |  Core  |  Info  |  Load ini file 'MyGUI_BlueWhiteSkins.xml'  |  /Volumes/Macintosh2/OgreJS/my-gui/MyGUIEngine/src/MyGUI_ResourceManager.cpp  |  130
21:33:53  |  Core  |  Info  |  Load ini file 'MyGUI_BlueWhiteTemplates.xml'  |  /Volumes/Macintosh2/OgreJS/my-gui/MyGUIEngine/src/MyGUI_ResourceManager.cpp  |  130
21:33:53  |  Core  |  Info  |  Load ini file 'MyGUI_Pointers.xml'  |  /Volumes/Macintosh2/OgreJS/my-gui/MyGUIEngine/src/MyGUI_ResourceManager.cpp  |  130
21:33:53  |  Core  |  Info  |  Load ini file 'MyGUI_Layers.xml'  |  /Volumes/Macintosh2/OgreJS/my-gui/MyGUIEngine/src/MyGUI_ResourceManager.cpp  |  130
21:33:53  |  Core  |  Info  |  Load ini file 'MyGUI_Settings.xml'  |  /Volumes/Macintosh2/OgreJS/my-gui/MyGUIEngine/src/MyGUI_ResourceManager.cpp  |  130
21:33:53  |  Core  |  Info  |  Gui successfully initialized  |  /Volumes/Macintosh2/OgreJS/my-gui/MyGUIEngine/src/MyGUI_Gui.cpp  |  133
