21:33:46: Creating resource group General
21:33:46: Creating resource group Internal
21:33:46: Creating resource group Autodetect
21:33:46: SceneManagerFactory for type 'DefaultSceneManager' registered.
21:33:46: Registering ResourceManager for type Material
21:33:46: Registering ResourceManager for type Mesh
21:33:46: Registering ResourceManager for type Skeleton
21:33:46: MovableObjectFactory for type 'ParticleSystem' registered.
21:33:46: OverlayElementFactory for type Panel registered.
21:33:46: OverlayElementFactory for type BorderPanel registered.
21:33:46: OverlayElementFactory for type TextArea registered.
21:33:46: Registering ResourceManager for type Font
21:33:46: ArchiveFactory for archive type FileSystem registered.
21:33:46: ArchiveFactory for archive type Zip registered.
21:33:46: DDS codec registering
21:33:46: FreeImage version: 3.14.1
21:33:46: This program uses FreeImage, a free, open source image library supporting all common bitmap formats. See http://freeimage.sourceforge.net for details
21:33:46: Supported formats: bmp,ico,jpg,jif,jpeg,jpe,jng,koa,iff,lbm,mng,pbm,pbm,pcd,pcx,pgm,pgm,png,ppm,ppm,ras,tga,targa,tif,tiff,wap,wbmp,wbm,psd,cut,xbm,xpm,gif,hdr,g3,sgi,exr,j2k,j2c,jp2,pfm,pct,pict,pic,bay,bmq,cr2,crw,cs1,dc2,dcr,dng,erf,fff,hdr,k25,kdc,mdc,mos,mrw,nef,orf,pef,pxn,raf,raw,rdc,sr2,srf,arw,3fr,cine,ia,kc2,mef,nrw,qtk,rw2,sti,drf,dsc,ptx,cap,iiq,rwz
21:33:46: Registering ResourceManager for type HighLevelGpuProgram
21:33:46: Registering ResourceManager for type Compositor
21:33:46: MovableObjectFactory for type 'Entity' registered.
21:33:46: MovableObjectFactory for type 'Light' registered.
21:33:46: MovableObjectFactory for type 'BillboardSet' registered.
21:33:46: MovableObjectFactory for type 'ManualObject' registered.
21:33:46: MovableObjectFactory for type 'BillboardChain' registered.
21:33:46: MovableObjectFactory for type 'RibbonTrail' registered.
21:33:46: OGRE EXCEPTION(6:FileNotFoundException): 'plugins.cfg' file not found! in ConfigFile::load at /Users/davidrogers/Documents/Development/Ogre/ogre-v1-7-3/OgreMain/src/OgreConfigFile.cpp (line 83)
21:33:46: plugins.cfg not found, automatic plugin loading disabled.
21:33:46: *-*-* OGRE Initialising
21:33:46: *-*-* Version 1.7.3 (Cthugha)
21:33:46: Loading library RenderSystem_GL.dylib
21:33:47: Installing plugin: GL RenderSystem
21:33:47: OpenGL Rendering Subsystem created.
21:33:48: Plugin successfully installed
21:33:48: CPU Identifier & Features
21:33:48: -------------------------
21:33:48:  *   CPU ID: GenuineIntel: Intel(R) Core(TM)2 Duo CPU     T7500  @ 2.20GHz
21:33:48:  *      SSE: yes
21:33:48:  *     SSE2: yes
21:33:48:  *     SSE3: yes
21:33:48:  *      MMX: yes
21:33:48:  *   MMXEXT: yes
21:33:48:  *    3DNOW: no
21:33:48:  * 3DNOWEXT: no
21:33:48:  *     CMOV: yes
21:33:48:  *      TSC: yes
21:33:48:  *      FPU: yes
21:33:48:  *      PRO: yes
21:33:48:  *       HT: no
21:33:48: -------------------------
21:33:48: ********************************************
***  Starting Mac OS X OpenGL Subsystem  ***
********************************************
21:33:48: GLRenderSystem::_createRenderWindow "Zin", 800x600 windowed  miscParams: left=0 macAPI=cocoa title=Alternate Window Title top=0 
21:33:48: Creating a Cocoa Compatible Render System
21:33:50: GL_VERSION = 2.1 NVIDIA-1.6.26
21:33:50: GL_VENDOR = NVIDIA Corporation
21:33:50: GL_RENDERER = NVIDIA GeForce 8600M GT OpenGL Engine
21:33:50: GL_EXTENSIONS = GL_ARB_transpose_matrix GL_ARB_vertex_program GL_ARB_vertex_blend GL_ARB_window_pos GL_ARB_shader_objects GL_ARB_vertex_shader GL_ARB_shading_language_100 GL_EXT_multi_draw_arrays GL_EXT_clip_volume_hint GL_EXT_rescale_normal GL_EXT_draw_range_elements GL_EXT_fog_coord GL_EXT_gpu_program_parameters GL_EXT_geometry_shader4 GL_EXT_transform_feedback GL_APPLE_client_storage GL_APPLE_specular_vector GL_APPLE_transform_hint GL_APPLE_packed_pixels GL_APPLE_fence GL_APPLE_vertex_array_object GL_APPLE_vertex_program_evaluators GL_APPLE_element_array GL_APPLE_flush_render GL_APPLE_aux_depth_stencil GL_NV_texgen_reflection GL_NV_light_max_exponent GL_IBM_rasterpos_clip GL_SGIS_generate_mipmap GL_ARB_imaging GL_ARB_point_parameters GL_ARB_texture_env_crossbar GL_ARB_texture_border_clamp GL_ARB_multitexture GL_ARB_texture_env_add GL_ARB_texture_cube_map GL_ARB_texture_env_dot3 GL_ARB_multisample GL_ARB_texture_env_combine GL_ARB_texture_compression GL_ARB_texture_mirrored_repeat GL_ARB_shadow GL_ARB_depth_texture GL_ARB_fragment_program GL_ARB_fragment_program_shadow GL_ARB_fragment_shader GL_ARB_occlusion_query GL_ARB_point_sprite GL_ARB_texture_non_power_of_two GL_ARB_vertex_buffer_object GL_ARB_pixel_buffer_object GL_ARB_draw_buffers GL_ARB_shader_texture_lod GL_ARB_color_buffer_float GL_ARB_half_float_vertex GL_ARB_texture_rg GL_ARB_texture_compression_rgtc GL_ARB_framebuffer_object GL_EXT_compiled_vertex_array GL_EXT_draw_buffers2 GL_EXT_framebuffer_object GL_EXT_framebuffer_blit GL_EXT_framebuffer_multisample GL_EXT_texture_rectangle GL_ARB_texture_rectangle GL_EXT_texture_env_add GL_EXT_blend_color GL_EXT_blend_minmax GL_EXT_blend_subtract GL_EXT_texture_lod_bias GL_EXT_abgr GL_EXT_bgra GL_EXT_stencil_wrap GL_EXT_texture_filter_anisotropic GL_EXT_secondary_color GL_EXT_blend_func_separate GL_EXT_shadow_funcs GL_EXT_stencil_two_side GL_EXT_depth_bounds_test GL_EXT_texture_compression_s3tc GL_EXT_texture_compression_dxt1 GL_EXT_texture_sRGB GL_EXT_blend_equation_separate GL_EXT_texture_mirror_clamp GL_EXT_packed_depth_stencil GL_EXT_bindable_uniform GL_EXT_texture_integer GL_EXT_gpu_shader4 GL_EXT_framebuffer_sRGB GL_EXT_provoking_vertex GL_APPLE_flush_buffer_range GL_APPLE_ycbcr_422 GL_APPLE_rgb_422 GL_APPLE_vertex_array_range GL_APPLE_texture_range GL_APPLE_float_pixels GL_ATI_texture_float GL_ARB_texture_float GL_ARB_half_float_pixel GL_APPLE_pixel_buffer GL_APPLE_object_purgeable GL_NV_point_sprite GL_NV_blend_square GL_NV_fog_distance GL_NV_depth_clamp GL_NV_multisample_filter_hint GL_NV_fragment_program_option GL_NV_fragment_program2 GL_NV_vertex_program2_option GL_NV_vertex_program3 GL_NV_conditional_render GL_ATI_texture_mirror_once GL_ATI_texture_env_combine3 GL_ATI_separate_stencil GL_SGIS_texture_edge_clamp GL_SGIS_texture_lod GL_EXT_texture_array GL_EXT_vertex_array_bgra GL_ARB_instanced_arrays GL_ARB_depth_buffer_float GL_EXT_packed_float GL_EXT_texture_shared_exponent 
21:33:50: ***************************
21:33:50: *** GL Renderer Started ***
21:33:50: ***************************
21:33:50: Registering ResourceManager for type GpuProgram
21:33:50: GLSL support detected
21:33:50: GL: Using GL_EXT_framebuffer_object for rendering to textures (best)
21:33:50: FBO PF_UNKNOWN depth/stencil support: D16S0 D24S0 D32S0 Packed-D24S8 
21:33:50: FBO PF_R5G6B5 depth/stencil support: D0S0 D16S0 D24S0 D32S0 Packed-D24S8 
21:33:50: FBO PF_B5G6R5 depth/stencil support: D0S0 D16S0 D24S0 D32S0 Packed-D24S8 
21:33:50: FBO PF_R8G8B8 depth/stencil support: D0S0 D16S0 D24S0 D32S0 Packed-D24S8 
21:33:50: FBO PF_B8G8R8 depth/stencil support: D0S0 D16S0 D24S0 D32S0 Packed-D24S8 
21:33:50: FBO PF_A8R8G8B8 depth/stencil support: D0S0 D16S0 D24S0 D32S0 Packed-D24S8 
21:33:50: FBO PF_B8G8R8A8 depth/stencil support: D0S0 D16S0 D24S0 D32S0 Packed-D24S8 
21:33:50: FBO PF_A2R10G10B10 depth/stencil support: D0S0 D16S0 D24S0 D32S0 Packed-D24S8 
21:33:50: FBO PF_A2B10G10R10 depth/stencil support: D0S0 D16S0 D24S0 D32S0 Packed-D24S8 
21:33:50: FBO PF_FLOAT16_RGB depth/stencil support: D0S0 D16S0 D24S0 D32S0 Packed-D24S8 
21:33:50: FBO PF_FLOAT16_RGBA depth/stencil support: D0S0 D16S0 D24S0 D32S0 Packed-D24S8 
21:33:51: FBO PF_FLOAT32_RGB depth/stencil support: D0S0 D16S0 D24S0 D32S0 Packed-D24S8 
21:33:51: FBO PF_FLOAT32_RGBA depth/stencil support: D0S0 D16S0 D24S0 D32S0 Packed-D24S8 
21:33:51: FBO PF_X8R8G8B8 depth/stencil support: D0S0 D16S0 D24S0 D32S0 Packed-D24S8 
21:33:51: FBO PF_X8B8G8R8 depth/stencil support: D0S0 D16S0 D24S0 D32S0 Packed-D24S8 
21:33:51: FBO PF_SHORT_RGBA depth/stencil support: D0S0 D16S0 D24S0 D32S0 Packed-D24S8 
21:33:51: FBO PF_R3G3B2 depth/stencil support: D0S0 D16S0 D24S0 D32S0 Packed-D24S8 
21:33:51: FBO PF_SHORT_RGB depth/stencil support: D0S0 D16S0 D24S0 D32S0 Packed-D24S8 
21:33:51: [GL] : Valid FBO targets PF_UNKNOWN PF_R5G6B5 PF_B5G6R5 PF_R8G8B8 PF_B8G8R8 PF_A8R8G8B8 PF_B8G8R8A8 PF_A2R10G10B10 PF_A2B10G10R10 PF_FLOAT16_RGB PF_FLOAT16_RGBA PF_FLOAT32_RGB PF_FLOAT32_RGBA PF_X8R8G8B8 PF_X8B8G8R8 PF_SHORT_RGBA PF_R3G3B2 PF_SHORT_RGB 
21:33:51: RenderSystem capabilities
21:33:51: -------------------------
21:33:51: RenderSystem Name: OpenGL Rendering Subsystem
21:33:51: GPU Vendor: nvidia
21:33:51: Device Name: NVIDIA GeForce 8600M GT OpenGL Engine
21:33:51: Driver Version: 2.1.0.0
21:33:51:  * Fixed function pipeline: yes
21:33:51:  * Hardware generation of mipmaps: yes
21:33:51:  * Texture blending: yes
21:33:51:  * Anisotropic texture filtering: yes
21:33:51:  * Dot product texture operation: yes
21:33:51:  * Cube mapping: yes
21:33:51:  * Hardware stencil buffer: yes
21:33:51:    - Stencil depth: 8
21:33:51:    - Two sided stencil support: yes
21:33:51:    - Wrap stencil values: yes
21:33:51:  * Hardware vertex / index buffers: yes
21:33:51:  * Vertex programs: yes
21:33:51:  * Number of floating-point constants for vertex programs: 1024
21:33:51:  * Number of integer constants for vertex programs: 0
21:33:51:  * Number of boolean constants for vertex programs: 0
21:33:51:  * Fragment programs: yes
21:33:51:  * Number of floating-point constants for fragment programs: 1024
21:33:51:  * Number of integer constants for fragment programs: 0
21:33:51:  * Number of boolean constants for fragment programs: 0
21:33:51:  * Geometry programs: yes
21:33:51:  * Number of floating-point constants for geometry programs: 1024
21:33:51:  * Number of integer constants for geometry programs: 0
21:33:51:  * Number of boolean constants for geometry programs: 0
21:33:51:  * Supported Shader Profiles: arbfp1 arbvp1 fp30 fp40 glsl gp4gp gpu_gp nvgp4 vp30 vp40
21:33:51:  * Texture Compression: yes
21:33:51:    - DXT: yes
21:33:51:    - VTC: no
21:33:51:    - PVRTC: no
21:33:51:  * Scissor Rectangle: yes
21:33:51:  * Hardware Occlusion Query: yes
21:33:51:  * User clip planes: yes
21:33:51:  * VET_UBYTE4 vertex element type: yes
21:33:51:  * Infinite far plane projection: yes
21:33:51:  * Hardware render-to-texture: yes
21:33:51:  * Floating point textures: yes
21:33:51:  * Non-power-of-two textures: yes
21:33:51:  * Volume textures: yes
21:33:51:  * Multiple Render Targets: 8
21:33:51:    - With different bit depths: yes
21:33:51:  * Point Sprites: yes
21:33:51:  * Extended point parameters: yes
21:33:51:  * Max Point Size: 63.375
21:33:51:  * Vertex texture fetch: yes
21:33:51:  * Number of world matrices: 0
21:33:51:  * Number of texture units: 16
21:33:51:  * Stencil buffer depth: 8
21:33:51:  * Number of vertex blend matrices: 0
21:33:51:    - Max vertex textures: 16
21:33:51:    - Vertex textures shared: yes
21:33:51:  * Render to Vertex Buffer : no
21:33:51:  * GL 1.5 without VBO workaround: no
21:33:51:  * Frame Buffer objects: yes
21:33:51:  * Frame Buffer objects (ARB extension): no
21:33:51:  * Frame Buffer objects (ATI extension): no
21:33:51:  * PBuffer support: yes
21:33:51:  * GL 1.5 without HW-occlusion workaround: no
21:33:51: Registering ResourceManager for type Texture
21:33:51: DefaultWorkQueue('Root') initialising on thread 0x10281ba50.
21:33:51: DefaultWorkQueue('Root')::WorkerFunc - thread 0x12903bf40 starting.
21:33:51: DefaultWorkQueue('Root')::WorkerFunc - thread 0x12903c130 starting.
21:33:51: Particle Renderer Type 'billboard' registered
21:33:51: Creating resource group Bootstrap
21:33:51: Added resource location '././Contents/Resources/media/packs/OgreCore.zip' of type 'Zip' to resource group 'Bootstrap'
21:33:52: Added resource location '././Contents/Resources/media' of type 'FileSystem' to resource group 'General'
21:33:52: Added resource location '././Contents/Resources/media/own_shaders' of type 'FileSystem' to resource group 'General'
21:33:52: Added resource location '././Contents/Resources/media/meshes' of type 'FileSystem' to resource group 'General'
21:33:52: Added resource location '././Contents/Resources/media/gui' of type 'FileSystem' to resource group 'General'
21:33:52: Added resource location '././Contents/Resources/media/fonts' of type 'FileSystem' to resource group 'General'
21:33:52: Added resource location '././Contents/Resources/media/overlays' of type 'FileSystem' to resource group 'General'
21:33:52: Added resource location '././Contents/Resources/media/materials/programs' of type 'FileSystem' to resource group 'General'
21:33:52: Added resource location '././Contents/Resources/media/materials/scripts' of type 'FileSystem' to resource group 'General'
21:33:52: Added resource location '././Contents/Resources/media/materials/textures' of type 'FileSystem' to resource group 'General'
21:33:52: Added resource location '././Contents/Resources/media/MyGUI_media' of type 'FileSystem' to resource group 'General'
21:33:52: Added resource location '././Contents/Resources/media/packs/cubemapsJS.zip' of type 'Zip' to resource group 'General'
21:33:52: Added resource location '././Contents/Resources/media/packs/skybox.zip' of type 'Zip' to resource group 'General'
21:33:52: Parsing scripts for resource group Autodetect
21:33:52: Finished parsing scripts for resource group Autodetect
21:33:52: Parsing scripts for resource group Bootstrap
21:33:52: Parsing script OgreCore.material
21:33:52: Parsing script OgreProfiler.material
21:33:52: Parsing script Ogre.fontdef
21:33:52: Parsing script OgreDebugPanel.overlay
21:33:52: Texture: New_Ogre_Border_Center.png: Loading 1 faces(PF_A8R8G8B8,256x128x1) with 5 hardware generated mipmaps from Image. Internal format is PF_A8R8G8B8,256x128x1.
21:33:52: Texture: New_Ogre_Border.png: Loading 1 faces(PF_A8R8G8B8,256x256x1) with 5 hardware generated mipmaps from Image. Internal format is PF_A8R8G8B8,256x256x1.
21:33:52: Texture: New_Ogre_Border_Break.png: Loading 1 faces(PF_A8R8G8B8,32x32x1) with 5 hardware generated mipmaps from Image. Internal format is PF_A8R8G8B8,32x32x1.
21:33:52: Texture: ogretext.png: Loading 1 faces(PF_A8R8G8B8,256x128x1) with 5 hardware generated mipmaps from Image. Internal format is PF_A8R8G8B8,256x128x1.
21:33:52: Parsing script OgreLoadingPanel.overlay
21:33:52: Finished parsing scripts for resource group Bootstrap
21:33:52: Parsing scripts for resource group General
21:33:52: Parsing script Examples.program
21:33:52: OGRE EXCEPTION(6:FileNotFoundException): Cannot locate resource AmbientOneTexture.glsl in resource group General or any other group. in ResourceGroupManager::openResource at /Users/davidrogers/Documents/Development/Ogre/ogre-v1-7-3/OgreMain/src/OgreResourceGroupManager.cpp (line 753)
21:33:52: High-level program Ogre/BasicVertexPrograms/AmbientOneTextureGLSL encountered an error during loading and is thus not supported.
OGRE EXCEPTION(6:FileNotFoundException): Cannot locate resource AmbientOneTexture.glsl in resource group General or any other group. in ResourceGroupManager::openResource at /Users/davidrogers/Documents/Development/Ogre/ogre-v1-7-3/OgreMain/src/OgreResourceGroupManager.cpp (line 753)
21:33:52: OGRE EXCEPTION(2:InvalidParametersException): Named constants have not been initialised, perhaps a compile error. in GpuProgramParameters::_findNamedConstantDefinition at /Users/davidrogers/Documents/Development/Ogre/ogre-v1-7-3/OgreMain/src/OgreGpuProgramParams.cpp (line 1425)
21:33:52: Compiler error: invalid parameters in Examples.program(41): setting of constant failed
21:33:52: OGRE EXCEPTION(6:FileNotFoundException): Cannot locate resource skinningTwoWeightsVp.glsl in resource group General or any other group. in ResourceGroupManager::openResource at /Users/davidrogers/Documents/Development/Ogre/ogre-v1-7-3/OgreMain/src/OgreResourceGroupManager.cpp (line 753)
21:33:52: High-level program Ogre/HardwareSkinningTwoWeightsGLSL encountered an error during loading and is thus not supported.
OGRE EXCEPTION(6:FileNotFoundException): Cannot locate resource skinningTwoWeightsVp.glsl in resource group General or any other group. in ResourceGroupManager::openResource at /Users/davidrogers/Documents/Development/Ogre/ogre-v1-7-3/OgreMain/src/OgreResourceGroupManager.cpp (line 753)
21:33:52: OGRE EXCEPTION(2:InvalidParametersException): Named constants have not been initialised, perhaps a compile error. in GpuProgramParameters::_findNamedConstantDefinition at /Users/davidrogers/Documents/Development/Ogre/ogre-v1-7-3/OgreMain/src/OgreGpuProgramParams.cpp (line 1425)
21:33:52: Compiler error: invalid parameters in Examples.program(111): setting of constant failed
21:33:52: OGRE EXCEPTION(2:InvalidParametersException): Named constants have not been initialised, perhaps a compile error. in GpuProgramParameters::_findNamedConstantDefinition at /Users/davidrogers/Documents/Development/Ogre/ogre-v1-7-3/OgreMain/src/OgreGpuProgramParams.cpp (line 1425)
21:33:52: Compiler error: invalid parameters in Examples.program(112): setting of constant failed
21:33:52: OGRE EXCEPTION(2:InvalidParametersException): Named constants have not been initialised, perhaps a compile error. in GpuProgramParameters::_findNamedConstantDefinition at /Users/davidrogers/Documents/Development/Ogre/ogre-v1-7-3/OgreMain/src/OgreGpuProgramParams.cpp (line 1425)
21:33:52: Compiler error: invalid parameters in Examples.program(113): setting of constant failed
21:33:52: OGRE EXCEPTION(2:InvalidParametersException): Named constants have not been initialised, perhaps a compile error. in GpuProgramParameters::_findNamedConstantDefinition at /Users/davidrogers/Documents/Development/Ogre/ogre-v1-7-3/OgreMain/src/OgreGpuProgramParams.cpp (line 1425)
21:33:52: Compiler error: invalid parameters in Examples.program(114): setting of constant failed
21:33:52: OGRE EXCEPTION(2:InvalidParametersException): Named constants have not been initialised, perhaps a compile error. in GpuProgramParameters::_findNamedConstantDefinition at /Users/davidrogers/Documents/Development/Ogre/ogre-v1-7-3/OgreMain/src/OgreGpuProgramParams.cpp (line 1425)
21:33:52: Compiler error: invalid parameters in Examples.program(115): setting of constant failed
21:33:52: OGRE EXCEPTION(2:InvalidParametersException): Named constants have not been initialised, perhaps a compile error. in GpuProgramParameters::_findNamedConstantDefinition at /Users/davidrogers/Documents/Development/Ogre/ogre-v1-7-3/OgreMain/src/OgreGpuProgramParams.cpp (line 1425)
21:33:52: Compiler error: invalid parameters in Examples.program(116): setting of constant failed
21:33:52: Parsing script connector.material
21:33:52: Parsing script cube.1m.material
21:33:52: Parsing script longGrass.material
21:33:52: Parsing script Ogre.material
21:33:52: Parsing script puppetQuickTest.material
21:33:52: Parsing script select.material
21:33:52: Parsing script sky.material
21:33:52: Parsing script sphere.material
21:33:52: Parsing script tile.material
21:33:52: Parsing script tileSelect.material
21:33:52: Parsing script unit.material
21:33:52: Parsing script unitMeshCombined.material
21:33:52: Parsing script Example.material
21:33:52: OGRE EXCEPTION(6:FileNotFoundException): Cannot locate resource skinningTwoWeightsShadowCasterVp.glsl in resource group General or any other group. in ResourceGroupManager::openResource at /Users/davidrogers/Documents/Development/Ogre/ogre-v1-7-3/OgreMain/src/OgreResourceGroupManager.cpp (line 753)
21:33:52: High-level program Ogre/HardwareSkinningTwoWeightsShadowCasterGLSL encountered an error during loading and is thus not supported.
OGRE EXCEPTION(6:FileNotFoundException): Cannot locate resource skinningTwoWeightsShadowCasterVp.glsl in resource group General or any other group. in ResourceGroupManager::openResource at /Users/davidrogers/Documents/Development/Ogre/ogre-v1-7-3/OgreMain/src/OgreResourceGroupManager.cpp (line 753)
21:33:52: OGRE EXCEPTION(2:InvalidParametersException): Named constants have not been initialised, perhaps a compile error. in GpuProgramParameters::_findNamedConstantDefinition at /Users/davidrogers/Documents/Development/Ogre/ogre-v1-7-3/OgreMain/src/OgreGpuProgramParams.cpp (line 1425)
21:33:52: Compiler error: invalid parameters in Example.material(1533): setting of constant failed
21:33:52: OGRE EXCEPTION(2:InvalidParametersException): Named constants have not been initialised, perhaps a compile error. in GpuProgramParameters::_findNamedConstantDefinition at /Users/davidrogers/Documents/Development/Ogre/ogre-v1-7-3/OgreMain/src/OgreGpuProgramParams.cpp (line 1425)
21:33:52: Compiler error: invalid parameters in Example.material(1534): setting of constant failed
21:33:52: OGRE EXCEPTION(2:InvalidParametersException): Named constants have not been initialised, perhaps a compile error. in GpuProgramParameters::_findNamedConstantDefinition at /Users/davidrogers/Documents/Development/Ogre/ogre-v1-7-3/OgreMain/src/OgreGpuProgramParams.cpp (line 1425)
21:33:52: Compiler error: invalid parameters in Example.material(1535): setting of constant failed
21:33:52: Parsing script Examples-Advanced.material
21:33:52: Compiler error: object unsupported by render system in Examples-Advanced.material(381)
21:33:52: Parsing script Compositor.overlay
21:33:52: Parsing script DP3.overlay
21:33:52: Parsing script Example-CubeMapping.overlay
21:33:52: Parsing script Example-DynTex.overlay
21:33:52: Parsing script Example-Water.overlay
21:33:52: Parsing script Shadows.overlay
21:33:52: Finished parsing scripts for resource group General
21:33:52: Parsing scripts for resource group Internal
21:33:52: Finished parsing scripts for resource group Internal
21:33:53: Texture: stevecube_fr.jpg: Loading 1 faces(PF_R8G8B8,512x512x1) with 5 hardware generated mipmaps from Image. Internal format is PF_X8R8G8B8,512x512x1.
21:33:53: Texture: stevecube_bk.jpg: Loading 1 faces(PF_R8G8B8,512x512x1) with 5 hardware generated mipmaps from Image. Internal format is PF_X8R8G8B8,512x512x1.
21:33:53: Texture: stevecube_lf.jpg: Loading 1 faces(PF_R8G8B8,512x512x1) with 5 hardware generated mipmaps from Image. Internal format is PF_X8R8G8B8,512x512x1.
21:33:53: Texture: stevecube_rt.jpg: Loading 1 faces(PF_R8G8B8,512x512x1) with 5 hardware generated mipmaps from Image. Internal format is PF_X8R8G8B8,512x512x1.
21:33:53: Texture: stevecube_up.jpg: Loading 1 faces(PF_R8G8B8,512x512x1) with 5 hardware generated mipmaps from Image. Internal format is PF_X8R8G8B8,512x512x1.
21:33:53: Texture: stevecube_dn.jpg: Loading 1 faces(PF_R8G8B8,512x512x1) with 5 hardware generated mipmaps from Image. Internal format is PF_X8R8G8B8,512x512x1.
21:33:53: Texture: MyGUI_BlueWhiteSkins.png: Loading 1 faces(PF_A8R8G8B8,512x256x1) with  hardware generated mipmaps from Image. Internal format is PF_A8R8G8B8,512x256x1.
21:33:53: Texture: MyGUI_Pointers.png: Loading 1 faces(PF_A8R8G8B8,256x128x1) with  hardware generated mipmaps from Image. Internal format is PF_A8R8G8B8,256x128x1.
21:33:56: Mesh: Loading sphere.mesh.
